[debug] [2018-10-21T18:42:21.303Z] ----------------------------------------------------------------------
[debug] [2018-10-21T18:42:21.305Z] Command:       C:\Program Files\nodejs\node.exe C:\Users\YeohB\AppData\Roaming\npm\node_modules\firebase-tools\bin\firebase init
[debug] [2018-10-21T18:42:21.305Z] CLI Version:   5.1.1
[debug] [2018-10-21T18:42:21.306Z] Platform:      win32
[debug] [2018-10-21T18:42:21.306Z] Node Version:  v8.12.0
[debug] [2018-10-21T18:42:21.306Z] Time:          Sun Oct 21 2018 19:42:21 GMT+0100 (GMT Daylight Time)
[debug] [2018-10-21T18:42:21.306Z] ----------------------------------------------------------------------
[debug] 
[debug] [2018-10-21T18:42:21.315Z] > command requires scopes: ["email","openid","https://www.googleapis.com/auth/cloudplatformprojects.readonly","https://www.googleapis.com/auth/firebase","https://www.googleapis.com/auth/cloud-platform"]
[debug] [2018-10-21T18:42:21.315Z] > authorizing via signed-in user
[info] 
     ######## #### ########  ######## ########     ###     ######  ########
     ##        ##  ##     ## ##       ##     ##  ##   ##  ##       ##
     ######    ##  ########  ######   ########  #########  ######  ######
     ##        ##  ##    ##  ##       ##     ## ##     ##       ## ##
     ##       #### ##     ## ######## ########  ##     ##  ######  ########

You're about to initialize a Firebase project in this directory:

  C:\Users\YeohB\Desktop\Braddy\Git\Weather

[info] 
=== Project Setup
[info] 
[info] First, let's associate this project directory with a Firebase project.
[info] You can create multiple project aliases by running firebase use --add, 
[info] but for now we'll just set up a default project.
[info] 
[debug] [2018-10-21T18:42:26.425Z] >>> HTTP REQUEST GET https://firebase.googleapis.com/v1beta1/projects?page_size=100  
 
[debug] [2018-10-21T18:42:26.877Z] <<< HTTP RESPONSE 200
[debug] [2018-10-21T18:42:26.942Z] TypeError: Cannot read property 'projectId' of undefined
    at C:\Users\YeohB\AppData\Roaming\npm\node_modules\firebase-tools\lib\init\features\project.js:48:23
    at arrayMap (C:\Users\YeohB\AppData\Roaming\npm\node_modules\firebase-tools\node_modules\lodash\lodash.js:639:23)
    at Function.map (C:\Users\YeohB\AppData\Roaming\npm\node_modules\firebase-tools\node_modules\lodash\lodash.js:9556:14)
    at C:\Users\YeohB\AppData\Roaming\npm\node_modules\firebase-tools\lib\init\features\project.js:46:21
    at <anonymous>
    at process._tickDomainCallback (internal/process/next_tick.js:229:7)
[error] 
[error] Error: An unexpected error has occurred.
[debug] [2018-10-23T11:25:37.909Z] ----------------------------------------------------------------------
[debug] [2018-10-23T11:25:37.911Z] Command:       C:\Program Files\nodejs\node.exe C:\Users\YeohB\AppData\Roaming\npm\node_modules\firebase-tools\bin\firebase init
[debug] [2018-10-23T11:25:37.912Z] CLI Version:   5.1.1
[debug] [2018-10-23T11:25:37.912Z] Platform:      win32
[debug] [2018-10-23T11:25:37.912Z] Node Version:  v8.12.0
[debug] [2018-10-23T11:25:37.912Z] Time:          Tue Oct 23 2018 12:25:37 GMT+0100 (GMT Daylight Time)
[debug] [2018-10-23T11:25:37.912Z] ----------------------------------------------------------------------
[debug] 
[debug] [2018-10-23T11:25:37.919Z] > command requires scopes: ["email","openid","https://www.googleapis.com/auth/cloudplatformprojects.readonly","https://www.googleapis.com/auth/firebase","https://www.googleapis.com/auth/cloud-platform"]
[debug] [2018-10-23T11:25:37.919Z] > authorizing via signed-in user
[info] 
     ######## #### ########  ######## ########     ###     ######  ########
     ##        ##  ##     ## ##       ##     ##  ##   ##  ##       ##
     ######    ##  ########  ######   ########  #########  ######  ######
     ##        ##  ##    ##  ##       ##     ## ##     ##       ## ##
     ##       #### ##     ## ######## ########  ##     ##  ######  ########

You're about to initialize a Firebase project in this directory:

  C:\Users\YeohB\Desktop\Braddy\Git\Weather

[info] 
=== Project Setup
[info] 
[info] First, let's associate this project directory with a Firebase project.
[info] You can create multiple project aliases by running firebase use --add, 
[info] but for now we'll just set up a default project.
[info] 
[debug] [2018-10-23T11:25:42.184Z] >>> HTTP REQUEST GET https://firebase.googleapis.com/v1beta1/projects?page_size=100  
 
[debug] [2018-10-23T11:25:42.546Z] <<< HTTP RESPONSE 200
[debug] [2018-10-23T11:25:42.576Z] TypeError: Cannot read property 'projectId' of undefined
    at C:\Users\YeohB\AppData\Roaming\npm\node_modules\firebase-tools\lib\init\features\project.js:48:23
    at arrayMap (C:\Users\YeohB\AppData\Roaming\npm\node_modules\firebase-tools\node_modules\lodash\lodash.js:639:23)
    at Function.map (C:\Users\YeohB\AppData\Roaming\npm\node_modules\firebase-tools\node_modules\lodash\lodash.js:9556:14)
    at C:\Users\YeohB\AppData\Roaming\npm\node_modules\firebase-tools\lib\init\features\project.js:46:21
    at <anonymous>
    at process._tickDomainCallback (internal/process/next_tick.js:229:7)
[error] 
[error] Error: An unexpected error has occurred.
